[debug] [2024-12-25T22:47:24.404Z] ----------------------------------------------------------------------
[debug] [2024-12-25T22:47:24.407Z] Command:       C:\Program Files\nodejs\node.exe C:\Users\tgino\AppData\Roaming\npm\node_modules\firebase-tools\lib\bin\firebase.js deploy
[debug] [2024-12-25T22:47:24.408Z] CLI Version:   12.8.0
[debug] [2024-12-25T22:47:24.408Z] Platform:      win32
[debug] [2024-12-25T22:47:24.409Z] Node Version:  v18.17.1
[debug] [2024-12-25T22:47:24.422Z] Time:          Thu Dec 26 2024 00:47:24 GMT+0200 (שעון ישראל (חורף))
[debug] [2024-12-25T22:47:24.422Z] ----------------------------------------------------------------------
[debug] 
[debug] [2024-12-25T22:47:24.429Z] >>> [apiv2][query] GET https://firebase-public.firebaseio.com/cli.json [none]
[debug] [2024-12-25T22:47:24.668Z] > command requires scopes: ["email","openid","https://www.googleapis.com/auth/cloudplatformprojects.readonly","https://www.googleapis.com/auth/firebase","https://www.googleapis.com/auth/cloud-platform"]
[debug] [2024-12-25T22:47:24.668Z] > authorizing via signed-in user (tgino1994@gmail.com)
[debug] [2024-12-25T22:47:24.669Z] [iam] checking project tamir-gino for permissions ["firebase.projects.get","firebasehosting.sites.update"]
[debug] [2024-12-25T22:47:24.671Z] > refreshing access token with scopes: []
[debug] [2024-12-25T22:47:24.672Z] >>> [apiv2][query] POST https://www.googleapis.com/oauth2/v3/token [none]
[debug] [2024-12-25T22:47:24.672Z] >>> [apiv2][body] POST https://www.googleapis.com/oauth2/v3/token [omitted]
[debug] [2024-12-25T22:47:24.903Z] <<< [apiv2][status] POST https://www.googleapis.com/oauth2/v3/token 400
[debug] [2024-12-25T22:47:24.903Z] <<< [apiv2][body] POST https://www.googleapis.com/oauth2/v3/token [omitted]
[debug] [2024-12-25T22:47:24.903Z] >>> [apiv2][query] POST https://cloudresourcemanager.googleapis.com/v1/projects/tamir-gino:testIamPermissions [none]
[debug] [2024-12-25T22:47:24.904Z] >>> [apiv2][(partial)header] POST https://cloudresourcemanager.googleapis.com/v1/projects/tamir-gino:testIamPermissions x-goog-quota-user=projects/tamir-gino
[debug] [2024-12-25T22:47:24.904Z] >>> [apiv2][body] POST https://cloudresourcemanager.googleapis.com/v1/projects/tamir-gino:testIamPermissions {"permissions":["firebase.projects.get","firebasehosting.sites.update"]}
[debug] [2024-12-25T22:47:25.032Z] <<< [apiv2][status] GET https://firebase-public.firebaseio.com/cli.json 200
[debug] [2024-12-25T22:47:25.032Z] <<< [apiv2][body] GET https://firebase-public.firebaseio.com/cli.json {"cloudBuildErrorAfter":1594252800000,"cloudBuildWarnAfter":1590019200000,"defaultNode10After":1594252800000,"minVersion":"3.0.5","node8DeploysDisabledAfter":1613390400000,"node8RuntimeDisabledAfter":1615809600000,"node8WarnAfter":1600128000000}
[debug] [2024-12-25T22:47:25.310Z] <<< [apiv2][status] POST https://cloudresourcemanager.googleapis.com/v1/projects/tamir-gino:testIamPermissions 401
[debug] [2024-12-25T22:47:25.310Z] <<< [apiv2][body] POST https://cloudresourcemanager.googleapis.com/v1/projects/tamir-gino:testIamPermissions {"error":{"code":401,"message":"Request had invalid authentication credentials. Expected OAuth 2 access token, login cookie or other valid authentication credential. See https://developers.google.com/identity/sign-in/web/devconsole-project.","status":"UNAUTHENTICATED","details":[{"@type":"type.googleapis.com/google.rpc.ErrorInfo","reason":"ACCESS_TOKEN_TYPE_UNSUPPORTED","metadata":{"service":"cloudresourcemanager.googleapis.com","method":"google.cloudresourcemanager.v1.Projects.TestIamPermissions"}}]}}
[debug] [2024-12-25T22:47:25.312Z] [iam] error while checking permissions, command may fail: FirebaseError: HTTP Error: 401, Request had invalid authentication credentials. Expected OAuth 2 access token, login cookie or other valid authentication credential. See https://developers.google.com/identity/sign-in/web/devconsole-project.
[debug] [2024-12-25T22:47:25.313Z] > refreshing access token with scopes: []
[debug] [2024-12-25T22:47:25.314Z] >>> [apiv2][query] POST https://www.googleapis.com/oauth2/v3/token [none]
[debug] [2024-12-25T22:47:25.314Z] >>> [apiv2][body] POST https://www.googleapis.com/oauth2/v3/token [omitted]
[debug] [2024-12-25T22:47:25.473Z] <<< [apiv2][status] POST https://www.googleapis.com/oauth2/v3/token 400
[debug] [2024-12-25T22:47:25.473Z] <<< [apiv2][body] POST https://www.googleapis.com/oauth2/v3/token [omitted]
[debug] [2024-12-25T22:47:25.475Z] >>> [apiv2][query] GET https://firebase.googleapis.com/v1beta1/projects/tamir-gino [none]
[debug] [2024-12-25T22:47:25.770Z] <<< [apiv2][status] GET https://firebase.googleapis.com/v1beta1/projects/tamir-gino 401
[debug] [2024-12-25T22:47:25.771Z] <<< [apiv2][body] GET https://firebase.googleapis.com/v1beta1/projects/tamir-gino {"error":{"code":401,"message":"Request had invalid authentication credentials. Expected OAuth 2 access token, login cookie or other valid authentication credential. See https://developers.google.com/identity/sign-in/web/devconsole-project.","status":"UNAUTHENTICATED"}}
[debug] [2024-12-25T22:47:25.771Z] HTTP Error: 401, Request had invalid authentication credentials. Expected OAuth 2 access token, login cookie or other valid authentication credential. See https://developers.google.com/identity/sign-in/web/devconsole-project.
[debug] [2024-12-25T22:47:25.985Z] FirebaseError: HTTP Error: 401, Request had invalid authentication credentials. Expected OAuth 2 access token, login cookie or other valid authentication credential. See https://developers.google.com/identity/sign-in/web/devconsole-project.
    at responseToError (C:\Users\tgino\AppData\Roaming\npm\node_modules\firebase-tools\lib\responseToError.js:49:12)
    at RetryOperation._fn (C:\Users\tgino\AppData\Roaming\npm\node_modules\firebase-tools\lib\apiv2.js:285:77)
    at process.processTicksAndRejections (node:internal/process/task_queues:95:5)
[error] 
[error] Error: Failed to get Firebase project tamir-gino. Please make sure the project exists and your account has permission to access it.
